AndroidShellDome/proguard/mapping.txt
android.support.v4.app.FragmentTransitionCompat21$ViewRetriever -> android.support.v4.app.ai:
    android.view.View getView() -> a
android.support.v4.app.LoaderManager -> android.support.v4.app.aj:
    boolean hasRunningLoaders() -> a
android.support.v4.app.LoaderManager$LoaderCallbacks -> android.support.v4.app.ak:
    android.support.v4.content.Loader onCreateLoader(int,android.os.Bundle) -> a
    void onLoadFinished(android.support.v4.content.Loader,java.lang.Object) -> a
    void onLoaderReset(android.support.v4.content.Loader) -> a
android.support.v4.app.LoaderManagerImpl -> android.support.v4.app.al:
    boolean DEBUG -> a
    android.support.v4.util.SparseArrayCompat mLoaders -> b
    android.support.v4.util.SparseArrayCompat mInactiveLoaders -> c
    java.lang.String mWho -> d
    android.support.v4.app.FragmentActivity mActivity -> e
    boolean mStarted -> f
    boolean mRetaining -> g
    void updateActivity(android.support.v4.app.FragmentActivity) -> a
    void doStart() -> b
    void doStop() -> c
    void doRetain() -> d
    void finishRetain() -> e
    void doReportNextStart() -> f
    void doReportStart() -> g
    void doDestroy() -> h
    java.lang.String toString() -> toString
    void dump(java.lang.String,java.io.FileDescriptor,java.io.PrintWriter,java.lang.String[]) -> a
    boolean hasRunningLoaders() -> a
android.support.v4.app.LoaderManagerImpl$LoaderInfo -> android.support.v4.app.am:
    int mId -> a
    android.os.Bundle mArgs -> b
    android.support.v4.app.LoaderManager$LoaderCallbacks mCallbacks -> c
    android.support.v4.content.Loader mLoader -> d
    boolean mHaveData -> e
    boolean mDeliveredData -> f
    java.lang.Object mData -> g
    boolean mStarted -> h
    boolean mRetaining -> i
    boolean mRetainingStarted -> j
    boolean mReportNextStart -> k
    boolean mDestroyed -> l
    boolean mListenerRegistered -> m
    android.support.v4.app.LoaderManagerImpl$LoaderInfo mPendingLoader -> n
    android.support.v4.app.LoaderManagerImpl this$0 -> o
    void start() -> a
    void retain() -> b
    void finishRetain() -> c
    void reportStart() -> d
    void stop() -> e
    void destroy() -> f
    void callOnLoadFinished(android.support.v4.content.Loader,java.lang.Object) -> a
    java.lang.String toString() -> toString
    void dump(java.lang.String,java.io.FileDescriptor,java.io.PrintWriter,java.lang.String[]) -> a
android.support.v4.app.NoSaveStateFrameLayout -> android.support.v4.app.an:
    android.view.ViewGroup wrap(android.view.View) -> a
    void dispatchSaveInstanceState(android.util.SparseArray) -> dispatchSaveInstanceState
    void dispatchRestoreInstanceState(android.util.SparseArray) -> dispatchRestoreInstanceState
android.support.v4.app.SharedElementCallback -> android.support.v4.app.ao:
    int MAX_IMAGE_SIZE -> a
    void onSharedElementStart(java.util.List,java.util.List,java.util.List) -> a
    void onSharedElementEnd(java.util.List,java.util.List,java.util.List) -> b
    void onMapSharedElements(java.util.List,java.util.Map) -> a
android.support.v4.app.SuperNotCalledException -> android.support.v4.app.ap:
android.support.v4.content.ContextCompat -> android.support.v4.a.a:
    android.graphics.drawable.Drawable getDrawable(android.content.Context,int) -> a
android.support.v4.content.ContextCompatApi21 -> android.support.v4.a.b:
    android.graphics.drawable.Drawable getDrawable(android.content.Context,int) -> a